<?xml version="1.0" encoding="UTF-8"?>
<testsuite xmlns:xsi="http://www.w3.org/2001/XMLSchema-instance" xsi:noNamespaceSchemaLocation="https://maven.apache.org/surefire/maven-surefire-plugin/xsd/surefire-test-report-3.0.xsd" version="3.0" name="com.example.demo.WebControllerTest" time="7.328" tests="1" errors="0" skipped="0" failures="0">
  <properties>
    <property name="java.specification.version" value="17"/>
    <property name="sun.jnu.encoding" value="UTF-8"/>
    <property name="java.class.path" value="/var/lib/jenkins/myrepodemos/mydemos/sampleapp/target/test-classes:/var/lib/jenkins/myrepodemos/mydemos/sampleapp/target/classes:/root/.m2/repository/javax/servlet/javax.servlet-api/4.0.1/javax.servlet-api-4.0.1.jar:/root/.m2/repository/javax/servlet/jsp/javax.servlet.jsp-api/2.3.3/javax.servlet.jsp-api-2.3.3.jar:/root/.m2/repository/junit/junit/4.13.2/junit-4.13.2.jar:/root/.m2/repository/org/hamcrest/hamcrest-core/2.2/hamcrest-core-2.2.jar:/root/.m2/repository/org/mockito/mockito-core/3.11.2/mockito-core-3.11.2.jar:/root/.m2/repository/net/bytebuddy/byte-buddy/1.14.8/byte-buddy-1.14.8.jar:/root/.m2/repository/net/bytebuddy/byte-buddy-agent/1.14.8/byte-buddy-agent-1.14.8.jar:/root/.m2/repository/org/objenesis/objenesis/3.2/objenesis-3.2.jar:/root/.m2/repository/org/springframework/boot/spring-boot-starter/3.1.4/spring-boot-starter-3.1.4.jar:/root/.m2/repository/org/springframework/boot/spring-boot/3.1.4/spring-boot-3.1.4.jar:/root/.m2/repository/org/springframework/spring-context/6.0.12/spring-context-6.0.12.jar:/root/.m2/repository/org/springframework/boot/spring-boot-autoconfigure/3.1.4/spring-boot-autoconfigure-3.1.4.jar:/root/.m2/repository/org/springframework/boot/spring-boot-starter-logging/3.1.4/spring-boot-starter-logging-3.1.4.jar:/root/.m2/repository/ch/qos/logback/logback-classic/1.4.11/logback-classic-1.4.11.jar:/root/.m2/repository/ch/qos/logback/logback-core/1.4.11/logback-core-1.4.11.jar:/root/.m2/repository/org/apache/logging/log4j/log4j-to-slf4j/2.20.0/log4j-to-slf4j-2.20.0.jar:/root/.m2/repository/org/apache/logging/log4j/log4j-api/2.20.0/log4j-api-2.20.0.jar:/root/.m2/repository/org/slf4j/jul-to-slf4j/2.0.9/jul-to-slf4j-2.0.9.jar:/root/.m2/repository/jakarta/annotation/jakarta.annotation-api/2.1.1/jakarta.annotation-api-2.1.1.jar:/root/.m2/repository/org/springframework/spring-core/6.0.12/spring-core-6.0.12.jar:/root/.m2/repository/org/springframework/spring-jcl/6.0.12/spring-jcl-6.0.12.jar:/root/.m2/repository/org/yaml/snakeyaml/1.33/snakeyaml-1.33.jar:/root/.m2/repository/org/springframework/boot/spring-boot-starter-web/3.1.4/spring-boot-starter-web-3.1.4.jar:/root/.m2/repository/org/springframework/boot/spring-boot-starter-json/3.1.4/spring-boot-starter-json-3.1.4.jar:/root/.m2/repository/com/fasterxml/jackson/core/jackson-databind/2.15.2/jackson-databind-2.15.2.jar:/root/.m2/repository/com/fasterxml/jackson/core/jackson-annotations/2.15.2/jackson-annotations-2.15.2.jar:/root/.m2/repository/com/fasterxml/jackson/core/jackson-core/2.15.2/jackson-core-2.15.2.jar:/root/.m2/repository/com/fasterxml/jackson/datatype/jackson-datatype-jdk8/2.15.2/jackson-datatype-jdk8-2.15.2.jar:/root/.m2/repository/com/fasterxml/jackson/datatype/jackson-datatype-jsr310/2.15.2/jackson-datatype-jsr310-2.15.2.jar:/root/.m2/repository/com/fasterxml/jackson/module/jackson-module-parameter-names/2.15.2/jackson-module-parameter-names-2.15.2.jar:/root/.m2/repository/org/springframework/boot/spring-boot-starter-tomcat/3.1.4/spring-boot-starter-tomcat-3.1.4.jar:/root/.m2/repository/org/apache/tomcat/embed/tomcat-embed-core/10.1.13/tomcat-embed-core-10.1.13.jar:/root/.m2/repository/org/apache/tomcat/embed/tomcat-embed-el/10.1.13/tomcat-embed-el-10.1.13.jar:/root/.m2/repository/org/apache/tomcat/embed/tomcat-embed-websocket/10.1.13/tomcat-embed-websocket-10.1.13.jar:/root/.m2/repository/org/springframework/spring-web/6.0.12/spring-web-6.0.12.jar:/root/.m2/repository/org/springframework/spring-beans/6.0.12/spring-beans-6.0.12.jar:/root/.m2/repository/io/micrometer/micrometer-observation/1.11.4/micrometer-observation-1.11.4.jar:/root/.m2/repository/io/micrometer/micrometer-commons/1.11.4/micrometer-commons-1.11.4.jar:/root/.m2/repository/org/springframework/spring-webmvc/6.0.12/spring-webmvc-6.0.12.jar:/root/.m2/repository/org/springframework/spring-aop/6.0.12/spring-aop-6.0.12.jar:/root/.m2/repository/org/springframework/spring-expression/6.0.12/spring-expression-6.0.12.jar:/root/.m2/repository/org/springframework/boot/spring-boot-starter-test/3.1.4/spring-boot-starter-test-3.1.4.jar:/root/.m2/repository/org/springframework/boot/spring-boot-test/3.1.4/spring-boot-test-3.1.4.jar:/root/.m2/repository/org/springframework/boot/spring-boot-test-autoconfigure/3.1.4/spring-boot-test-autoconfigure-3.1.4.jar:/root/.m2/repository/com/jayway/jsonpath/json-path/2.8.0/json-path-2.8.0.jar:/root/.m2/repository/org/slf4j/slf4j-api/2.0.9/slf4j-api-2.0.9.jar:/root/.m2/repository/jakarta/xml/bind/jakarta.xml.bind-api/4.0.1/jakarta.xml.bind-api-4.0.1.jar:/root/.m2/repository/jakarta/activation/jakarta.activation-api/2.1.2/jakarta.activation-api-2.1.2.jar:/root/.m2/repository/net/minidev/json-smart/2.4.11/json-smart-2.4.11.jar:/root/.m2/repository/net/minidev/accessors-smart/2.4.11/accessors-smart-2.4.11.jar:/root/.m2/repository/org/ow2/asm/asm/9.3/asm-9.3.jar:/root/.m2/repository/org/assertj/assertj-core/3.24.2/assertj-core-3.24.2.jar:/root/.m2/repository/org/hamcrest/hamcrest/2.2/hamcrest-2.2.jar:/root/.m2/repository/org/junit/jupiter/junit-jupiter/5.9.3/junit-jupiter-5.9.3.jar:/root/.m2/repository/org/junit/jupiter/junit-jupiter-api/5.9.3/junit-jupiter-api-5.9.3.jar:/root/.m2/repository/org/opentest4j/opentest4j/1.2.0/opentest4j-1.2.0.jar:/root/.m2/repository/org/junit/platform/junit-platform-commons/1.9.3/junit-platform-commons-1.9.3.jar:/root/.m2/repository/org/apiguardian/apiguardian-api/1.1.2/apiguardian-api-1.1.2.jar:/root/.m2/repository/org/junit/jupiter/junit-jupiter-params/5.9.3/junit-jupiter-params-5.9.3.jar:/root/.m2/repository/org/junit/jupiter/junit-jupiter-engine/5.9.3/junit-jupiter-engine-5.9.3.jar:/root/.m2/repository/org/junit/platform/junit-platform-engine/1.9.3/junit-platform-engine-1.9.3.jar:/root/.m2/repository/org/mockito/mockito-junit-jupiter/5.3.1/mockito-junit-jupiter-5.3.1.jar:/root/.m2/repository/org/skyscreamer/jsonassert/1.5.1/jsonassert-1.5.1.jar:/root/.m2/repository/com/vaadin/external/google/android-json/0.0.20131108.vaadin1/android-json-0.0.20131108.vaadin1.jar:/root/.m2/repository/org/springframework/spring-test/6.0.12/spring-test-6.0.12.jar:/root/.m2/repository/org/xmlunit/xmlunit-core/2.9.1/xmlunit-core-2.9.1.jar:"/>
    <property name="java.vm.vendor" value="Amazon.com Inc."/>
    <property name="sun.arch.data.model" value="64"/>
    <property name="catalina.useNaming" value="false"/>
    <property name="java.vendor.url" value="https://aws.amazon.com/corretto/"/>
    <property name="user.timezone" value="UTC"/>
    <property name="os.name" value="Linux"/>
    <property name="java.vm.specification.version" value="17"/>
    <property name="sun.java.launcher" value="SUN_STANDARD"/>
    <property name="sun.boot.library.path" value="/usr/lib/jvm/java-17-amazon-corretto.x86_64/lib"/>
    <property name="sun.java.command" value="/var/lib/jenkins/myrepodemos/mydemos/sampleapp/target/surefire/surefirebooter14186936286011334021.jar /var/lib/jenkins/myrepodemos/mydemos/sampleapp/target/surefire 2024-08-17T11-22-21_979-jvmRun1 surefire5358043505610341889tmp surefire_03796193189585534952tmp"/>
    <property name="jdk.debug" value="release"/>
    <property name="surefire.test.class.path" value="/var/lib/jenkins/myrepodemos/mydemos/sampleapp/target/test-classes:/var/lib/jenkins/myrepodemos/mydemos/sampleapp/target/classes:/root/.m2/repository/javax/servlet/javax.servlet-api/4.0.1/javax.servlet-api-4.0.1.jar:/root/.m2/repository/javax/servlet/jsp/javax.servlet.jsp-api/2.3.3/javax.servlet.jsp-api-2.3.3.jar:/root/.m2/repository/junit/junit/4.13.2/junit-4.13.2.jar:/root/.m2/repository/org/hamcrest/hamcrest-core/2.2/hamcrest-core-2.2.jar:/root/.m2/repository/org/mockito/mockito-core/3.11.2/mockito-core-3.11.2.jar:/root/.m2/repository/net/bytebuddy/byte-buddy/1.14.8/byte-buddy-1.14.8.jar:/root/.m2/repository/net/bytebuddy/byte-buddy-agent/1.14.8/byte-buddy-agent-1.14.8.jar:/root/.m2/repository/org/objenesis/objenesis/3.2/objenesis-3.2.jar:/root/.m2/repository/org/springframework/boot/spring-boot-starter/3.1.4/spring-boot-starter-3.1.4.jar:/root/.m2/repository/org/springframework/boot/spring-boot/3.1.4/spring-boot-3.1.4.jar:/root/.m2/repository/org/springframework/spring-context/6.0.12/spring-context-6.0.12.jar:/root/.m2/repository/org/springframework/boot/spring-boot-autoconfigure/3.1.4/spring-boot-autoconfigure-3.1.4.jar:/root/.m2/repository/org/springframework/boot/spring-boot-starter-logging/3.1.4/spring-boot-starter-logging-3.1.4.jar:/root/.m2/repository/ch/qos/logback/logback-classic/1.4.11/logback-classic-1.4.11.jar:/root/.m2/repository/ch/qos/logback/logback-core/1.4.11/logback-core-1.4.11.jar:/root/.m2/repository/org/apache/logging/log4j/log4j-to-slf4j/2.20.0/log4j-to-slf4j-2.20.0.jar:/root/.m2/repository/org/apache/logging/log4j/log4j-api/2.20.0/log4j-api-2.20.0.jar:/root/.m2/repository/org/slf4j/jul-to-slf4j/2.0.9/jul-to-slf4j-2.0.9.jar:/root/.m2/repository/jakarta/annotation/jakarta.annotation-api/2.1.1/jakarta.annotation-api-2.1.1.jar:/root/.m2/repository/org/springframework/spring-core/6.0.12/spring-core-6.0.12.jar:/root/.m2/repository/org/springframework/spring-jcl/6.0.12/spring-jcl-6.0.12.jar:/root/.m2/repository/org/yaml/snakeyaml/1.33/snakeyaml-1.33.jar:/root/.m2/repository/org/springframework/boot/spring-boot-starter-web/3.1.4/spring-boot-starter-web-3.1.4.jar:/root/.m2/repository/org/springframework/boot/spring-boot-starter-json/3.1.4/spring-boot-starter-json-3.1.4.jar:/root/.m2/repository/com/fasterxml/jackson/core/jackson-databind/2.15.2/jackson-databind-2.15.2.jar:/root/.m2/repository/com/fasterxml/jackson/core/jackson-annotations/2.15.2/jackson-annotations-2.15.2.jar:/root/.m2/repository/com/fasterxml/jackson/core/jackson-core/2.15.2/jackson-core-2.15.2.jar:/root/.m2/repository/com/fasterxml/jackson/datatype/jackson-datatype-jdk8/2.15.2/jackson-datatype-jdk8-2.15.2.jar:/root/.m2/repository/com/fasterxml/jackson/datatype/jackson-datatype-jsr310/2.15.2/jackson-datatype-jsr310-2.15.2.jar:/root/.m2/repository/com/fasterxml/jackson/module/jackson-module-parameter-names/2.15.2/jackson-module-parameter-names-2.15.2.jar:/root/.m2/repository/org/springframework/boot/spring-boot-starter-tomcat/3.1.4/spring-boot-starter-tomcat-3.1.4.jar:/root/.m2/repository/org/apache/tomcat/embed/tomcat-embed-core/10.1.13/tomcat-embed-core-10.1.13.jar:/root/.m2/repository/org/apache/tomcat/embed/tomcat-embed-el/10.1.13/tomcat-embed-el-10.1.13.jar:/root/.m2/repository/org/apache/tomcat/embed/tomcat-embed-websocket/10.1.13/tomcat-embed-websocket-10.1.13.jar:/root/.m2/repository/org/springframework/spring-web/6.0.12/spring-web-6.0.12.jar:/root/.m2/repository/org/springframework/spring-beans/6.0.12/spring-beans-6.0.12.jar:/root/.m2/repository/io/micrometer/micrometer-observation/1.11.4/micrometer-observation-1.11.4.jar:/root/.m2/repository/io/micrometer/micrometer-commons/1.11.4/micrometer-commons-1.11.4.jar:/root/.m2/repository/org/springframework/spring-webmvc/6.0.12/spring-webmvc-6.0.12.jar:/root/.m2/repository/org/springframework/spring-aop/6.0.12/spring-aop-6.0.12.jar:/root/.m2/repository/org/springframework/spring-expression/6.0.12/spring-expression-6.0.12.jar:/root/.m2/repository/org/springframework/boot/spring-boot-starter-test/3.1.4/spring-boot-starter-test-3.1.4.jar:/root/.m2/repository/org/springframework/boot/spring-boot-test/3.1.4/spring-boot-test-3.1.4.jar:/root/.m2/repository/org/springframework/boot/spring-boot-test-autoconfigure/3.1.4/spring-boot-test-autoconfigure-3.1.4.jar:/root/.m2/repository/com/jayway/jsonpath/json-path/2.8.0/json-path-2.8.0.jar:/root/.m2/repository/org/slf4j/slf4j-api/2.0.9/slf4j-api-2.0.9.jar:/root/.m2/repository/jakarta/xml/bind/jakarta.xml.bind-api/4.0.1/jakarta.xml.bind-api-4.0.1.jar:/root/.m2/repository/jakarta/activation/jakarta.activation-api/2.1.2/jakarta.activation-api-2.1.2.jar:/root/.m2/repository/net/minidev/json-smart/2.4.11/json-smart-2.4.11.jar:/root/.m2/repository/net/minidev/accessors-smart/2.4.11/accessors-smart-2.4.11.jar:/root/.m2/repository/org/ow2/asm/asm/9.3/asm-9.3.jar:/root/.m2/repository/org/assertj/assertj-core/3.24.2/assertj-core-3.24.2.jar:/root/.m2/repository/org/hamcrest/hamcrest/2.2/hamcrest-2.2.jar:/root/.m2/repository/org/junit/jupiter/junit-jupiter/5.9.3/junit-jupiter-5.9.3.jar:/root/.m2/repository/org/junit/jupiter/junit-jupiter-api/5.9.3/junit-jupiter-api-5.9.3.jar:/root/.m2/repository/org/opentest4j/opentest4j/1.2.0/opentest4j-1.2.0.jar:/root/.m2/repository/org/junit/platform/junit-platform-commons/1.9.3/junit-platform-commons-1.9.3.jar:/root/.m2/repository/org/apiguardian/apiguardian-api/1.1.2/apiguardian-api-1.1.2.jar:/root/.m2/repository/org/junit/jupiter/junit-jupiter-params/5.9.3/junit-jupiter-params-5.9.3.jar:/root/.m2/repository/org/junit/jupiter/junit-jupiter-engine/5.9.3/junit-jupiter-engine-5.9.3.jar:/root/.m2/repository/org/junit/platform/junit-platform-engine/1.9.3/junit-platform-engine-1.9.3.jar:/root/.m2/repository/org/mockito/mockito-junit-jupiter/5.3.1/mockito-junit-jupiter-5.3.1.jar:/root/.m2/repository/org/skyscreamer/jsonassert/1.5.1/jsonassert-1.5.1.jar:/root/.m2/repository/com/vaadin/external/google/android-json/0.0.20131108.vaadin1/android-json-0.0.20131108.vaadin1.jar:/root/.m2/repository/org/springframework/spring-test/6.0.12/spring-test-6.0.12.jar:/root/.m2/repository/org/xmlunit/xmlunit-core/2.9.1/xmlunit-core-2.9.1.jar:"/>
    <property name="sun.cpu.endian" value="little"/>
    <property name="user.home" value="/root"/>
    <property name="user.language" value="en"/>
    <property name="java.specification.vendor" value="Oracle Corporation"/>
    <property name="java.version.date" value="2024-07-16"/>
    <property name="java.home" value="/usr/lib/jvm/java-17-amazon-corretto.x86_64"/>
    <property name="file.separator" value="/"/>
    <property name="basedir" value="/var/lib/jenkins/myrepodemos/mydemos/sampleapp"/>
    <property name="java.vm.compressedOopsMode" value="32-bit"/>
    <property name="line.separator" value="&#10;"/>
    <property name="java.specification.name" value="Java Platform API Specification"/>
    <property name="java.vm.specification.vendor" value="Oracle Corporation"/>
    <property name="FILE_LOG_CHARSET" value="UTF-8"/>
    <property name="java.awt.headless" value="true"/>
    <property name="surefire.real.class.path" value="/var/lib/jenkins/myrepodemos/mydemos/sampleapp/target/surefire/surefirebooter14186936286011334021.jar"/>
    <property name="sun.management.compiler" value="HotSpot 64-Bit Tiered Compilers"/>
    <property name="java.runtime.version" value="17.0.12+7-LTS"/>
    <property name="user.name" value="root"/>
    <property name="path.separator" value=":"/>
    <property name="os.version" value="6.1.97-104.177.amzn2023.x86_64"/>
    <property name="java.runtime.name" value="OpenJDK Runtime Environment"/>
    <property name="file.encoding" value="UTF-8"/>
    <property name="java.vm.name" value="OpenJDK 64-Bit Server VM"/>
    <property name="java.vendor.version" value="Corretto-17.0.12.7.1"/>
    <property name="localRepository" value="/root/.m2/repository"/>
    <property name="java.vendor.url.bug" value="https://github.com/corretto/corretto-17/issues/"/>
    <property name="java.io.tmpdir" value="/tmp"/>
    <property name="catalina.home" value="/tmp/tomcat.0.1913081239510891755"/>
    <property name="java.version" value="17.0.12"/>
    <property name="user.dir" value="/var/lib/jenkins/myrepodemos/mydemos/sampleapp"/>
    <property name="os.arch" value="amd64"/>
    <property name="java.vm.specification.name" value="Java Virtual Machine Specification"/>
    <property name="PID" value="8631"/>
    <property name="CONSOLE_LOG_CHARSET" value="UTF-8"/>
    <property name="catalina.base" value="/tmp/tomcat.0.1913081239510891755"/>
    <property name="native.encoding" value="UTF-8"/>
    <property name="java.library.path" value="/usr/java/packages/lib:/usr/lib64:/lib64:/lib:/usr/lib"/>
    <property name="java.vm.info" value="mixed mode, sharing"/>
    <property name="java.vendor" value="Amazon.com Inc."/>
    <property name="java.vm.version" value="17.0.12+7-LTS"/>
    <property name="sun.io.unicode.encoding" value="UnicodeLittle"/>
    <property name="java.class.version" value="61.0"/>
  </properties>
  <testcase name="sayHello_ShouldReturnDefaultMessage" classname="com.example.demo.WebControllerTest" time="1.479">
    <system-out><![CDATA[11:22:24.545 [main] INFO org.springframework.test.context.support.AnnotationConfigContextLoaderUtils -- Could not detect default configuration classes for test class [com.example.demo.WebControllerTest]: WebControllerTest does not declare any static, non-private, non-final, nested classes annotated with @Configuration.
11:22:24.831 [main] INFO org.springframework.boot.test.context.SpringBootTestContextBootstrapper -- Found @SpringBootConfiguration com.example.demo.DemoApplication for test class com.example.demo.WebControllerTest

  .   ____          _            __ _ _
 /\\ / ___'_ __ _ _(_)_ __  __ _ \ \ \ \
( ( )\___ | '_ | '_| | '_ \/ _` | \ \ \ \
 \\/  ___)| |_)| | | | | || (_| |  ) ) ) )
  '  |____| .__|_| |_|_| |_\__, | / / / /
 =========|_|==============|___/=/_/_/_/
 :: Spring Boot ::                (v3.1.4)

2024-08-17T11:22:25.838Z  INFO 8631 --- [           main] com.example.demo.WebControllerTest       : Starting WebControllerTest using Java 17.0.12 with PID 8631 (started by root in /var/lib/jenkins/myrepodemos/mydemos/sampleapp)
2024-08-17T11:22:25.840Z  INFO 8631 --- [           main] com.example.demo.WebControllerTest       : No active profile set, falling back to 1 default profile: "default"
2024-08-17T11:22:28.031Z  INFO 8631 --- [           main] o.s.b.w.embedded.tomcat.TomcatWebServer  : Tomcat initialized with port(s): 0 (http)
2024-08-17T11:22:28.052Z  INFO 8631 --- [           main] o.apache.catalina.core.StandardService   : Starting service [Tomcat]
2024-08-17T11:22:28.053Z  INFO 8631 --- [           main] o.apache.catalina.core.StandardEngine    : Starting Servlet engine: [Apache Tomcat/10.1.13]
2024-08-17T11:22:28.403Z  INFO 8631 --- [           main] o.a.c.c.C.[Tomcat].[localhost].[/]       : Initializing Spring embedded WebApplicationContext
2024-08-17T11:22:28.404Z  INFO 8631 --- [           main] w.s.c.ServletWebServerApplicationContext : Root WebApplicationContext: initialization completed in 2519 ms
2024-08-17T11:22:29.302Z DEBUG 8631 --- [           main] s.w.s.m.m.a.RequestMappingHandlerAdapter : ControllerAdvice beans: 0 @ModelAttribute, 0 @InitBinder, 1 RequestBodyAdvice, 1 ResponseBodyAdvice
2024-08-17T11:22:29.390Z  INFO 8631 --- [           main] o.s.b.a.w.s.WelcomePageHandlerMapping    : Adding welcome page: ServletContext resource [/index.html]
2024-08-17T11:22:29.525Z DEBUG 8631 --- [           main] s.w.s.m.m.a.RequestMappingHandlerMapping : 3 mappings in 'requestMappingHandlerMapping'
2024-08-17T11:22:29.564Z DEBUG 8631 --- [           main] o.s.w.s.handler.SimpleUrlHandlerMapping  : Patterns [/webjars/**, /**] in 'resourceHandlerMapping'
2024-08-17T11:22:29.576Z DEBUG 8631 --- [           main] .m.m.a.ExceptionHandlerExceptionResolver : ControllerAdvice beans: 0 @ExceptionHandler, 1 ResponseBodyAdvice
2024-08-17T11:22:29.827Z  INFO 8631 --- [           main] o.s.b.w.embedded.tomcat.TomcatWebServer  : Tomcat started on port(s): 43175 (http) with context path ''
2024-08-17T11:22:29.848Z  INFO 8631 --- [           main] com.example.demo.WebControllerTest       : Started WebControllerTest in 4.69 seconds (process running for 7.132)
2024-08-17T11:22:30.903Z DEBUG 8631 --- [           main] o.s.web.client.RestTemplate              : HTTP GET http://localhost:43175/hello
2024-08-17T11:22:30.923Z DEBUG 8631 --- [           main] o.s.web.client.RestTemplate              : Accept=[text/plain, application/json, application/*+json, */*]
2024-08-17T11:22:31.077Z  INFO 8631 --- [o-auto-1-exec-1] o.a.c.c.C.[Tomcat].[localhost].[/]       : Initializing Spring DispatcherServlet 'dispatcherServlet'
2024-08-17T11:22:31.080Z  INFO 8631 --- [o-auto-1-exec-1] o.s.web.servlet.DispatcherServlet        : Initializing Servlet 'dispatcherServlet'
2024-08-17T11:22:31.081Z DEBUG 8631 --- [o-auto-1-exec-1] o.s.web.servlet.DispatcherServlet        : Detected StandardServletMultipartResolver
2024-08-17T11:22:31.081Z DEBUG 8631 --- [o-auto-1-exec-1] o.s.web.servlet.DispatcherServlet        : Detected AcceptHeaderLocaleResolver
2024-08-17T11:22:31.081Z DEBUG 8631 --- [o-auto-1-exec-1] o.s.web.servlet.DispatcherServlet        : Detected FixedThemeResolver
2024-08-17T11:22:31.082Z DEBUG 8631 --- [o-auto-1-exec-1] o.s.web.servlet.DispatcherServlet        : Detected org.springframework.web.servlet.view.DefaultRequestToViewNameTranslator@ae7df8b
2024-08-17T11:22:31.082Z DEBUG 8631 --- [o-auto-1-exec-1] o.s.web.servlet.DispatcherServlet        : Detected org.springframework.web.servlet.support.SessionFlashMapManager@54ba802
2024-08-17T11:22:31.082Z DEBUG 8631 --- [o-auto-1-exec-1] o.s.web.servlet.DispatcherServlet        : enableLoggingRequestDetails='false': request parameters and headers will be masked to prevent unsafe logging of potentially sensitive data
2024-08-17T11:22:31.082Z  INFO 8631 --- [o-auto-1-exec-1] o.s.web.servlet.DispatcherServlet        : Completed initialization in 2 ms
2024-08-17T11:22:31.100Z DEBUG 8631 --- [o-auto-1-exec-1] o.s.web.servlet.DispatcherServlet        : GET "/hello", parameters={}
2024-08-17T11:22:31.120Z DEBUG 8631 --- [o-auto-1-exec-1] s.w.s.m.m.a.RequestMappingHandlerMapping : Mapped to com.example.demo.WebController#sayHello()
2024-08-17T11:22:31.156Z DEBUG 8631 --- [o-auto-1-exec-1] m.m.a.RequestResponseBodyMethodProcessor : Using 'text/plain', given [text/plain, application/json, application/*+json, */*] and supported [text/plain, */*, application/json, application/*+json]
2024-08-17T11:22:31.157Z DEBUG 8631 --- [o-auto-1-exec-1] m.m.a.RequestResponseBodyMethodProcessor : Writing ["Hello, World!"]
2024-08-17T11:22:31.176Z DEBUG 8631 --- [o-auto-1-exec-1] o.s.web.servlet.DispatcherServlet        : Completed 200 OK
2024-08-17T11:22:31.178Z DEBUG 8631 --- [           main] o.s.web.client.RestTemplate              : Response 200 OK
2024-08-17T11:22:31.180Z DEBUG 8631 --- [           main] o.s.web.client.RestTemplate              : Reading to [java.lang.String] as "text/plain;charset=UTF-8"
]]></system-out>
  </testcase>
</testsuite>